# JRE version: Java(TM) SE Runtime Environment (8.0_112-b16) (build 1.8.0_112-b16)
# Java VM: Java HotSpot(TM) 64-Bit Server VM (25.112-b16 mixed mode bsd-amd64 compressed oops)
Heap:
 PSYoungGen      total 38400K, used 10310K [0x0000000795580000, 0x0000000798000000, 0x00000007c0000000)
  eden space 33280K, 15% used [0x0000000795580000,0x0000000795a99920,0x0000000797600000)
  from space 5120K, 99% used [0x0000000797b00000,0x0000000797ff8010,0x0000000798000000)
  to   space 5120K, 0% used [0x0000000797600000,0x0000000797600000,0x0000000797b00000)
 ParOldGen       total 87552K, used 2616K [0x0000000740000000, 0x0000000745580000, 0x0000000795580000)
  object space 87552K, 2% used [0x0000000740000000,0x000000074028e330,0x0000000745580000)
 Metaspace       used 15124K, capacity 15378K, committed 15744K, reserved 1062912K
  class space    used 1503K, capacity 1579K, committed 1664K, reserved 1048576K
GC Heap History (4 events):
Event: 3.062 GC heap before
{Heap before GC invocations=1 (full 0):
 PSYoungGen      total 38400K, used 31295K [0x0000000795580000, 0x0000000798000000, 0x00000007c0000000)
  eden space 33280K, 94% used [0x0000000795580000,0x000000079740fed0,0x0000000797600000)
  from space 5120K, 0% used [0x0000000797b00000,0x0000000797b00000,0x0000000798000000)
  to   space 5120K, 0% used [0x0000000797600000,0x0000000797600000,0x0000000797b00000)
 ParOldGen       total 87552K, used 0K [0x0000000740000000, 0x0000000745580000, 0x0000000795580000)
  object space 87552K, 0% used [0x0000000740000000,0x0000000740000000,0x0000000745580000)
 Metaspace       used 14189K, capacity 14324K, committed 14592K, reserved 1062912K
  class space    used 1440K, capacity 1508K, committed 1536K, reserved 1048576K
Event: 3.069 GC heap after
Heap after GC invocations=1 (full 0):
 PSYoungGen      total 38400K, used 5115K [0x0000000795580000, 0x0000000798000000, 0x00000007c0000000)
  eden space 33280K, 0% used [0x0000000795580000,0x0000000795580000,0x0000000797600000)
  from space 5120K, 99% used [0x0000000797600000,0x0000000797afedd0,0x0000000797b00000)
  to   space 5120K, 0% used [0x0000000797b00000,0x0000000797b00000,0x0000000798000000)
 ParOldGen       total 87552K, used 228K [0x0000000740000000, 0x0000000745580000, 0x0000000795580000)
  object space 87552K, 0% used [0x0000000740000000,0x0000000740039370,0x0000000745580000)
 Metaspace       used 14189K, capacity 14324K, committed 14592K, reserved 1062912K
  class space    used 1440K, capacity 1508K, committed 1536K, reserved 1048576K
}
Event: 11.124 GC heap before
{Heap before GC invocations=2 (full 0):
 PSYoungGen      total 38400K, used 35185K [0x0000000795580000, 0x0000000798000000, 0x00000007c0000000)
  eden space 33280K, 90% used [0x0000000795580000,0x00000007972dd9a0,0x0000000797600000)
  from space 5120K, 99% used [0x0000000797600000,0x0000000797afedd0,0x0000000797b00000)
  to   space 5120K, 0% used [0x0000000797b00000,0x0000000797b00000,0x0000000798000000)
 ParOldGen       total 87552K, used 228K [0x0000000740000000, 0x0000000745580000, 0x0000000795580000)
  object space 87552K, 0% used [0x0000000740000000,0x0000000740039370,0x0000000745580000)
 Metaspace       used 15111K, capacity 15314K, committed 15744K, reserved 1062912K
  class space    used 1503K, capacity 1579K, committed 1664K, reserved 1048576K
Event: 11.131 GC heap after
Heap after GC invocations=2 (full 0):
 PSYoungGen      total 38400K, used 5088K [0x0000000795580000, 0x0000000798000000, 0x00000007c0000000)
  eden space 33280K, 0% used [0x0000000795580000,0x0000000795580000,0x0000000797600000)
  from space 5120K, 99% used [0x0000000797b00000,0x0000000797ff8010,0x0000000798000000)
  to   space 5120K, 0% used [0x0000000797600000,0x0000000797600000,0x0000000797b00000)
 ParOldGen       total 87552K, used 2616K [0x0000000740000000, 0x0000000745580000, 0x0000000795580000)
  object space 87552K, 2% used [0x0000000740000000,0x000000074028e330,0x0000000745580000)
 Metaspace       used 15111K, capacity 15314K, committed 15744K, reserved 1062912K
  class space    used 1503K, capacity 1579K, committed 1664K, reserved 1048576K
}

